2025-01-08 17:38:47,192 - INFO - Starting Flask application
2025-01-08 17:38:47,295 - INFO - [31m[1mWARNING: This is a development server. Do not use it in a production deployment. Use a production WSGI server instead.[0m
 * Running on http://127.0.0.1:5000
2025-01-08 17:38:47,301 - INFO - [33mPress CTRL+C to quit[0m
2025-01-08 17:38:47,310 - INFO -  * Restarting with stat
2025-01-08 17:38:48,078 - INFO - Starting Flask application
2025-01-08 17:38:48,143 - WARNING -  * Debugger is active!
2025-01-08 17:38:48,147 - INFO -  * Debugger PIN: 702-352-316
2025-01-08 17:38:52,963 - INFO - 127.0.0.1 - - [08/Jan/2025 17:38:52] "GET /api/tenants HTTP/1.1" 200 -
2025-01-08 17:39:10,156 - INFO - 127.0.0.1 - - [08/Jan/2025 17:39:10] "GET / HTTP/1.1" 200 -
2025-01-08 17:39:20,500 - INFO - 127.0.0.1 - - [08/Jan/2025 17:39:20] "[35m[1mGET /favicon.ico HTTP/1.1[0m" 204 -
2025-01-08 17:39:29,691 - INFO - 127.0.0.1 - - [08/Jan/2025 17:39:29] "[33mGET /api HTTP/1.1[0m" 404 -
2025-01-08 17:39:35,047 - INFO - 127.0.0.1 - - [08/Jan/2025 17:39:35] "GET /api/tenants HTTP/1.1" 200 -
2025-01-08 17:40:13,601 - INFO -  * Detected change in '/mnt/c/c0d3/CSE6242/projects/backend/app.py', reloading
2025-01-08 17:40:13,845 - INFO -  * Restarting with stat
2025-01-08 17:40:14,844 - INFO - Starting Flask application
2025-01-08 17:40:14,879 - WARNING -  * Debugger is active!
2025-01-08 17:40:14,888 - INFO -  * Debugger PIN: 702-352-316
2025-01-08 17:43:36,141 - INFO -  * Detected change in '/mnt/c/c0d3/CSE6242/projects/backend/app.py', reloading
2025-01-08 17:43:36,640 - INFO -  * Restarting with stat
2025-01-08 17:43:38,825 - INFO - Starting Flask application
2025-01-08 17:43:38,880 - WARNING -  * Debugger is active!
2025-01-08 17:43:38,890 - INFO -  * Debugger PIN: 702-352-316
2025-01-08 17:43:51,221 - INFO -  * Detected change in '/mnt/c/c0d3/CSE6242/projects/backend/app.py', reloading
2025-01-08 17:43:51,424 - INFO -  * Restarting with stat
2025-01-08 17:43:53,277 - INFO - Starting Flask application
2025-01-08 17:43:53,384 - WARNING -  * Debugger is active!
2025-01-08 17:43:53,393 - INFO -  * Debugger PIN: 702-352-316
2025-01-08 17:44:05,570 - INFO - Health check accessed
2025-01-08 17:44:05,592 - INFO - 127.0.0.1 - - [08/Jan/2025 17:44:05] "GET /health HTTP/1.1" 200 -
2025-01-08 17:50:18,323 - INFO - GET /api/tenants request received
2025-01-08 17:50:18,652 - INFO - Executing tenant data query
2025-01-08 17:50:18,728 - INFO - Tenant data fetched successfully
2025-01-08 17:50:18,759 - INFO - Database connection closed
2025-01-08 17:50:18,777 - INFO - 127.0.0.1 - - [08/Jan/2025 17:50:18] "GET /api/tenants HTTP/1.1" 200 -
2025-01-08 19:41:52,006 - INFO - GET /api/tenants request received
2025-01-08 19:41:52,469 - INFO - Executing tenant data query
2025-01-08 19:41:52,502 - INFO - Tenant data fetched successfully
2025-01-08 19:41:52,533 - INFO - Database connection closed
2025-01-08 19:41:52,547 - INFO - 127.0.0.1 - - [08/Jan/2025 19:41:52] "GET /api/tenants HTTP/1.1" 200 -
2025-01-08 19:45:23,567 - INFO -  * Detected change in '/mnt/c/c0d3/CSE6242/projects/backend/app.py', reloading
2025-01-08 19:45:23,685 - INFO -  * Restarting with stat
2025-01-08 19:45:24,189 - INFO - Starting Flask application
2025-01-08 19:45:24,211 - WARNING -  * Debugger is active!
2025-01-08 19:45:24,214 - INFO -  * Debugger PIN: 702-352-316
2025-01-08 19:46:29,953 - INFO -  * Detected change in '/mnt/c/c0d3/CSE6242/projects/backend/app.py', reloading
2025-01-08 19:46:30,141 - INFO -  * Restarting with stat
2025-01-08 19:46:32,380 - INFO - Starting Flask application
2025-01-08 19:46:32,452 - WARNING -  * Debugger is active!
2025-01-08 19:46:32,462 - INFO -  * Debugger PIN: 702-352-316
2025-01-08 19:57:56,109 - INFO -  * Detected change in '/mnt/c/c0d3/CSE6242/projects/backend/app.py', reloading
2025-01-08 19:57:56,216 - INFO -  * Restarting with stat
2025-01-08 19:57:56,757 - INFO - Starting Flask application
2025-01-08 19:57:56,784 - WARNING -  * Debugger is active!
2025-01-08 19:57:56,786 - INFO -  * Debugger PIN: 702-352-316
2025-01-08 19:58:36,543 - INFO -  * Detected change in '/mnt/c/c0d3/CSE6242/projects/backend/app.py', reloading
2025-01-08 19:58:36,649 - INFO -  * Restarting with stat
2025-01-08 19:58:37,044 - INFO - Starting Flask application
2025-01-08 19:58:37,076 - WARNING -  * Debugger is active!
2025-01-08 19:58:37,079 - INFO -  * Debugger PIN: 702-352-316
